 ****** HSPICE -- E-2010.12-SP2 64-BIT (May 23 2011) linux ******               
  Copyright (C) 2010 Synopsys, Inc. All Rights Reserved.                        
  Unpublished-rights reserved under US copyright laws.
  This program is protected by law and is subject to the
  terms and conditions of the license agreement from Synopsys.
  Use of this program is your acceptance to be bound by the
  license agreement. HSPICE is the trademark of Synopsys, Inc.
  Input File: hvtnfet_on.sp                                                     
  Command line options: hvtnfet_on.sp -o out/hvtnfet_on
 lic: No 'setenv LM_LICENSE_FILE' in current environment' 
 lic:  
 lic: FLEXlm: v10.8 
 lic: USER:   mgottscho            HOSTNAME: mfd.ee.ucla.edu 
 lic: HOSTID: 002219a484e9         PID:      20160 
 lic: Using FLEXlm license file: 
 lic: 1784@lmserv2.seas.ucla.edu 
 lic: Checkout 1 hspice 
 lic: License/Maintenance for hspice will expire on 25-jun-2014/2013.03 
 lic: 1(in_use)/50(total) FLOATING license(s) on SERVER lmserv2.seas.ucla.edu 
 lic:   
 Init: read install configuration file: /usr/apps/synopsys/HSPICE/vE-2010.12.SP2/hspice/meta.cfg
 **warning** *pvaW* Ignored the duplicated module 'diova' (/w/library/puneet/IBM/IBM_CMOS/12S0_45_nm_SOI_CMOS/IBM_PDK/soi12s0/V1.5.0.0IBM/HSPICE/models/./erie/diodeva.va:13)

 **info** *pvaI* Module (It2_monitor): 2 unexpanded port, 0 init, 4 behav, 1 contrib, 22/0 expr(s)

 **info** *pvaI*              0 afCount, 0 fixDIS

 **info** *pvaI* Module (It2_monitor): generated 1 flow node(s) during compilation.

 **info** *pvaI* Module (It2_monitor_scr): 2 unexpanded port, 0 init, 4 behav, 1 contrib, 22/0 expr(s)

 **info** *pvaI*              0 afCount, 0 fixDIS

 **info** *pvaI* Module (It2_monitor_scr): generated 1 flow node(s) during compilation.

 **info** *pvaI* Module (diova): 2 unexpanded port, 0 init, 31 behav, 2 contrib, 24/28 expr(s)

 **info** *pvaI*              0 afCount, 0 fixDIS

 **info** *pvaI* Module (diova): generated 0 flow node(s) during compilation.

 **info** *pvaI* Module (esdnsh_bc_base_va): 4 unexpanded port, 0 init, 99 behav, 7 contrib, 50/85 expr(s)

 **info** *pvaI*              0 afCount, 0 fixDIS

 **info** *pvaI* Module (esdnsh_bc_base_va): generated 1 flow node(s) during compilation.

 **info** *pvaI* Module (esdpsh_bc_base_va): 4 unexpanded port, 0 init, 59 behav, 7 contrib, 50/45 expr(s)

 **info** *pvaI*              0 afCount, 0 fixDIS

 **info** *pvaI* Module (esdpsh_bc_base_va): generated 1 flow node(s) during compilation.

 **info** *pvaI* Module (esdnsh_base_va): 3 unexpanded port, 0 init, 93 behav, 3 contrib, 34/84 expr(s)

 **info** *pvaI*              0 afCount, 0 fixDIS

 **info** *pvaI* Module (esdnsh_base_va): generated 1 flow node(s) during compilation.

 **info** *pvaI* Module (esdpsh_base_va): 3 unexpanded port, 0 init, 53 behav, 3 contrib, 40/44 expr(s)

 **info** *pvaI*              0 afCount, 0 fixDIS

 **info** *pvaI* Module (esdpsh_base_va): generated 1 flow node(s) during compilation.

 **info** *pvaI* Module (dgdcap): 3 unexpanded port, 0 init, 100 behav, 5 contrib, 53/91 expr(s)

 **info** *pvaI*              0 afCount, 0 fixDIS

 **info** *pvaI* Module (dgdcap): generated 3 flow node(s) during compilation.

 **info** *pvaI* Module (trenchcap): 2 unexpanded port, 0 init, 88 behav, 4 contrib, 53/108 expr(s)

 **info** *pvaI*              0 afCount, 0 fixDIS

 **info** *pvaI* Module (trenchcap): generated 3 flow node(s) during compilation.

 **info** *pvaI* Module (nbsxdio): 2 unexpanded port, 0 init, 30 behav, 2 contrib, 26/108 expr(s)

 **info** *pvaI*              0 afCount, 0 fixDIS

 **info** *pvaI* Module (nbsxdio): generated 0 flow node(s) during compilation.

 **info** *pvaI* Module (ig_elements_n): 3 unexpanded port, 0 init, 16 behav, 2 contrib, 69/14 expr(s)

 **info** *pvaI*              0 afCount, 0 fixDIS

 **info** *pvaI* Module (ig_elements_n): generated 0 flow node(s) during compilation.

 **info** *pvaI* Module (ig_elements_p): 3 unexpanded port, 0 init, 16 behav, 2 contrib, 74/14 expr(s)

 **info** *pvaI*              0 afCount, 0 fixDIS

 **info** *pvaI* Module (ig_elements_p): generated 0 flow node(s) during compilation.

 **info** *pvaI* Module (single_rcline): 3 unexpanded port, 0 init, 254 behav, 15 contrib, 47/239 expr(s)

 **info** *pvaI*              3 afCount, 0 fixDIS

 **info** *pvaI* Module (single_rcline): generated 2 flow node(s) during compilation.

 **info** *pvaI* Module (coupled_rcline): 5 unexpanded port, 0 init, 402 behav, 13 contrib, 65/389 expr(s)

 **info** *pvaI*        0ff DIS, 5 afCount

 **info** *pvaI* Module (coupled_rcline): generated 0 flow node(s) during compilation.

 **info** *pvaI* #### Total 4522 line-size(s), 629 expr(s), 67 contr(s), 0 init(s), 1249 behav(s), 41 port(s)

  **warning** (/w/library/puneet/IBM/IBM_CMOS/12S0_45_nm_SOI_CMOS/IBM_PDK/soi12s0/V1.5.0.0IBM/HSPICE/models/./process.lib:92) Parameter name is not defined in .param. Please enter parameter variable with their respective value/expression.
  **warning** (/w/library/puneet/IBM/IBM_CMOS/12S0_45_nm_SOI_CMOS/IBM_PDK/soi12s0/V1.5.0.0IBM/HSPICE/models/./symindp.inc:75) Global net name, "gnd", in subckt pin list. The pin will be connected to the local net. Recommend to not use global net names in subckt pin lists.
 Loading pVA library out/hvtnfet_on.pvadir/pvaRTL_linux.so...

 **warning**  runlvl smaller than 5, reset to 5  when accurate turned on
1****** HSPICE -- E-2010.12-SP2 64-BIT (May 23 2011) linux ******               
 ******  
 ******* nmos in ibm 45nm soi for on-current measurement

  ******  circuit name directory
 circuit number to circuit name directory
   number circuitname                     definition         multiplier
        0 main circuit
        1 x_n1.                           d_hvtnfet          1.00 
1****** HSPICE -- E-2010.12-SP2 64-BIT (May 23 2011) linux ******               
 ******  
 ******* nmos in ibm 45nm soi for on-current measurement

  ******  mos   model parameters tnom=  25.000 temp=  25.000 *****
 
Model Name: hvtnch  

 BSIMSOI4 PD (Level 70)

    wmax =      1 m
    wmin =      0 m
    lmax =      1 m
    lmin =      0 m
    xw =      0 m
    xwref =      0 m
    xl =      0 m
    xlref =      0 m
    capmod = 3
    mobmod = 1
    paramchk = 0
    binunit = 1
    version =      4 
    tox = 1.892e-09 m
    toxm = 1.87e-09 m
    dtoxcv = 2.1e-10 m
    cdsc = 0.02589 F/M^2
    cdscb =  0.012 F/M^2
    cdscd = 0.02834 F/M^2
    cit =      0 F/M^2
    nfactor = 0.2835 
    vsat = 2.09e+05 m/sec
    at = 4.7e+04 m/sec
    a0 =  2.447 
    ags =      0 1/V
    a1 = -0.0004149 1/V
    a2 =  1.008 
    keta = -0.1627 1/V
    nsub =  6e+16 1/cm3
    nch = 3.953e+19 1/cm3
    ngate =      0 1/cm3
    gamma1 =      0 V^1/2
    gamma2 =      0 V^1/2
    vbx =      0 V
    vbm =     -3 V
    xt = 1.55e-07 m
    k1 = 0.4706 V^1/2
    kt1 = -0.113 V
    kt1l = 6.474e-09 V*m
    kt2 = 0.02654 
    k2 = -0.03094 
    k3 = -3.769 
    k3b =      0 1/V
    w0 = 8.449e-08 m
    lpe0 = 3.098e-08 m
    lpeb =      0 m
    dvt0 =   23.9 
    dvt1 = 0.5983 
    dvt2 = -0.004983 1/V
    dvt0w = 0.06871 
    dvt1w =      0 
    dvt2w =      0 1/V
    drout =   0.01 
    dsub =   0.58 
    vth0 = 0.3288 V
    ua =  1e-11 m/V
    ua1 = 1.12e-09 m/V
    ub = 2.758e-19 (m/V)^2
    ub1 = -6.064e-19 (m/V)^2
    uc = 5.623e-11 1/V
    uc1 = 1.483e-11 1/V
    u0 = 0.0332 m^2/(V-sec)
    ute =  -0.05 
    voff = -0.1291 V
    tnom =  298.1 K
    cgso = 2.21e-10 F/m
    cgdo = 2.21e-10 F/m
    xpart =      0 
    delta = 0.01593 
    rsh =     21 ohm/square
    rdsw =     89 ohm-um^WR
    rsw =     50 ohm-um^WR
    rdw =     50 ohm-um^WR
    rswmin =      0 ohm-um^WR
    rdwmin =      0 ohm-um^WR
    prwg = -0.07902 1/V^1/2
    prwb = 0.1548 1/V
    prt =  4.775 ohm-um
    eta0 = 0.3711 
    etab = -0.03351 1/V
    pclm =   0.67 
    pdiblc1 =  0.027 
    pdiblc2 = 0.03322 
    pdiblcb = -0.8654 
    pvag =    0.1 
    shmod = 1
    tbox = 3.9e-07 m
    tsi = 7.8e-08 m
    xj = 4.388e-08 m
    rth0 =   0.08 m*C/W
    cth0 = 2.86e-05 W*sec/(m*C)
    egidl =      0 V
    agidl =      0 1/ohm
    bgidl = 2.3e+09 V/m
    cgidl =      0 V^3
    ndiode =  1.622 
    ndioded =  1.622 
    xbjt =  1.057 
    xdif =   1.03 
    xrec = 0.3622 
    xtun =     10 
    xdifd =   1.03 
    xrecd = 0.3622 
    xtund =     10 
    pbswg =   1.88 V
    pbswgd =   1.88 V
    mjswg =   1.54 V
    mjswgd =   1.54 V
    cjswg = 3.782e-10 F/m^2
    cjswgd = 3.782e-10 F/m^2
    lint = -5e-10 m
    ll =  1e-09 m^LLN
    llc =      0 m^LLN
    lln =      0 
    lw =      0 m^LWN
    lwc =      0 m^LWN
    lwn =      1 
    lwl =      0 m^(LWN+LLN)
    lwlc =      0 m^(LWN+LLN)
    wr =      1 
    wint = 2.5e-09 m
    dwg =      0 m/V
    dwb =      0 m/V^1/2
    wl =      0 m^WLN
    wlc =      0 m^WLN
    wln =      1 
    ww =      0 m^WWN
    wwc =      0 m^WWN
    wwn =      1 
    wwl =      0 m^(WWN+WLN)
    wwlc =      0 m^(WWN+WLN)
    b0 = 2.5e-08 m
    b1 =      0 m
    cgsl = 3.8e-11 F/m
    cgdl = 3.8e-11 F/m
    ckappa =  0.005 F/m
    cf =      0 F/m
    clc =      0 m
    cle =      1 
    dwc = -1.85e-08 m
    dlc = 9.15e-09 m
    alpha0 = 1.117e-14 m/V
    noia = 6.25e+41 
    noib = 3.125e+26 
    noic = 8.75e+09 
    fnoimod = 0
    tnoimod = 0
    tnoia =      0 
    tnoib =      0 
    rnoia =      0 
    rnoib =      0 
    ntnoi =      1 
    saref =  1e-06 m
    sbref =  1e-06 m
    wlod =      0 m
    ku0 =      0 m
    kvsat =      0 m
    kvth0 =      0 Vm
    tku0 =      0 
    llodku0 =      0 
    wlodku0 =      0 
    llodvth =      0 
    wlodvth =      0 
    stk2 =      0 m
    lodk2 =      1 
    steta0 =      0 m
    lodeta0 =      1 
    gbmin =  1e-12 mho
    rbdb =     50 ohm
    rbsb =     50 ohm
    bf =      2 
    w0flk =  0.001 
    frbody =      1 
    dvtp0 =      0 m
    dvtp1 =      0 1/V
    minv =      0 
    pdits =  1e-20 1/V
    pditsl =      0 m
    pditsd =      0 1/V
    fprout =      0 (V/m)^0.5
    em =      0 
    ef =      1 
    af =      2 
    kf =  6e-27 
    noif =   0.15 
    k1w1 =      0 m
    k1w2 =      0 m
    ketas = 0.1164 V
    dwbc =      0 m
    beta0 = 0.03125 1/V
    beta1 = 0.009483 
    beta2 = 0.05657 V
    vdsatii0 = 0.7494 V
    tii =   -0.3 
    lii = 1.485e-09 
    sii0 =    0.1 1/V
    sii1 =     20 1/V
    sii2 =      0 
    siid =      4 1/V
    fbjtii =      0 
    esatii = 5.892e+06 V/m
    ntun =  1.354 
    ntund =  1.354 
    nrecf0 =    2.3 
    nrecf0d =    2.3 
    nrecr0 =  3.274 
    nrecr0d =  3.274 
    isbjt = 0.004705 A/m^2
    idbjt = 0.004705 A/m^2
    isdif =   0.01 A/m^2
    iddif =   0.01 A/m^2
    isrec = 0.3165 A/m^2
    idrec = 0.3165 A/m^2
    istun = 0.01104 A/m^2
    idtun = 0.01104 A/m^2
    ln = 1.418e-07 m
    vrec0 =  1.458 V
    vrec0d =  1.458 V
    vtun0 = 0.4215 V
    vtun0d = 0.4215 V
    nbjt =      1 
    lbjt0 =  5e-07 m
    ldif0 =     12 
    vabjt =     20 V
    aely =  1e+08 V/m
    ahli =  1e-11 
    ahlid =  1e-11 
    rbody = 1.73e+04 ohm/m^2
    rbsh =      0 ohm/m^2
    cgeo =      0 F/m
    tt =  8e-13 second
    ndif =     -1 
    vsdfb =      0 V
    vsdth =      0 V
    csdmin =      0 V
    asd =    0.3 
    csdesw = 1.563e-10 F/m
    ntrecf = 0.5282 
    ntrecr = 0.6193 
    dlcb = -1.3e-08 m
    fbody =    0.9 
    tcjswg = 0.00085 1/K
    tcjswgd = 0.00085 1/K
    tpbswg = 0.0008 V/K
    tpbswgd = 0.0008 V/K
    acde =      1 m/V
    moin =      7 V^1/2
    noff =      1 
    delvt =  -0.03 V
    kb1 =      1 
    dlbg =      0 m
    igbmod = 1
    igcmod = 1
    toxqm = 1.16e-09 m
    wth0 =      0 m
    rhalo = 1.266e+12 ohm/m
    ntox =      0 
    toxref = 1.16e-09 m
    ebg =  1.263 V
    vevb = 0.05968 
    alphagb1 =   0.56 1/V
    betagb1 = 0.1378 1/V^2
    vgb1 =  345.7 V
    vecb = 0.1266 
    alphagb2 = 0.5316 1/V
    betagb2 =    0.1 1/V^2
    vgb2 =      8 V
    voxh =      2 
    deltavox =  0.002 
    aigc = 0.02041 
    bigc = 0.002195 
    cigc =   -0.1 
    aigsd = 0.01443 
    bigsd = 0.002018 
    cigsd = 0.0825 
    nigc = 0.2879 
    pigcd =      1 
    poxedge =      1 
    dlcig = 1.471e-09 m
    soimod = 0
    vbs0pd =      0 V
    vbs0fd =      0 V
    vbsa =      0 V
    nofffd =      1 
    vofffd =      0 V
    k1b =      1 
    k2b =      0 
    dk2b =      0 
    dvbd0 =      0 
    dvbd1 =      0 
    moinfd =   1000 
    rgatemod = 1
    xrcrg1 =      0 
    xrcrg2 =      0 
    rshg =     14 ohm/square
    ngcon =      1 
    xgw =      0 m
    xgl = -1e-09 m
    rbodymod = 0
    rdsmod = 0
    bsoiupdate = 0
 

  
      
 *****************************************************************
 ******  option summary
 ******
 runlvl  = 5         bypass  = 2         
 ******  
 ******* nmos in ibm 45nm soi for on-current measurement

  ******  dc transfer curves tnom=  25.000 temp=  25.000 *****
x

        volt    current    
                    r1     
  0.0000e+00    2.537e-63  
  1.0000e-02    5.694e-09  
  2.0000e-02    1.239e-08  
  3.0000e-02    2.014e-08  
  4.0000e-02    2.917e-08  
  5.0000e-02    3.983e-08  
  6.0000e-02    5.258e-08  
  7.0000e-02    6.796e-08  
  8.0000e-02    8.661e-08  
  9.0000e-02    1.093e-07  
  1.0000e-01    1.368e-07  
  1.1000e-01    1.701e-07  
  1.2000e-01    2.106e-07  
  1.3000e-01    2.594e-07  
  1.4000e-01    3.182e-07  
  1.5000e-01    3.888e-07  
  1.6000e-01    4.731e-07  
  1.7000e-01    5.735e-07  
  1.8000e-01    6.922e-07  
  1.9000e-01    8.317e-07  
  2.0000e-01    9.947e-07  
  2.1000e-01    1.184e-06  
  2.2000e-01    1.401e-06  
  2.3000e-01    1.650e-06  
  2.4000e-01    1.931e-06  
  2.5000e-01    2.247e-06  
  2.6000e-01    2.599e-06  
  2.7000e-01    2.989e-06  
  2.8000e-01    3.417e-06  
  2.9000e-01    3.883e-06  
  3.0000e-01    4.387e-06  
  3.1000e-01    4.930e-06  
  3.2000e-01    5.510e-06  
  3.3000e-01    6.127e-06  
  3.4000e-01    6.779e-06  
  3.5000e-01    7.466e-06  
  3.6000e-01    8.185e-06  
  3.7000e-01    8.937e-06  
  3.8000e-01    9.719e-06  
  3.9000e-01    1.053e-05  
  4.0000e-01    1.137e-05  
  4.1000e-01    1.223e-05  
  4.2000e-01    1.312e-05  
  4.3000e-01    1.404e-05  
  4.4000e-01    1.497e-05  
  4.5000e-01    1.593e-05  
  4.6000e-01    1.691e-05  
  4.7000e-01    1.790e-05  
  4.8000e-01    1.892e-05  
  4.9000e-01    1.995e-05  
  5.0000e-01    2.100e-05  
  5.1000e-01    2.206e-05  
  5.2000e-01    2.314e-05  
  5.3000e-01    2.423e-05  
  5.4000e-01    2.533e-05  
  5.5000e-01    2.645e-05  
  5.6000e-01    2.758e-05  
  5.7000e-01    2.872e-05  
  5.8000e-01    2.988e-05  
  5.9000e-01    3.104e-05  
  6.0000e-01    3.221e-05  
  6.1000e-01    3.340e-05  
  6.2000e-01    3.460e-05  
  6.3000e-01    3.580e-05  
  6.4000e-01    3.701e-05  
  6.5000e-01    3.823e-05  
  6.6000e-01    3.945e-05  
  6.7000e-01    4.068e-05  
  6.8000e-01    4.192e-05  
  6.9000e-01    4.316e-05  
  7.0000e-01    4.441e-05  
  7.1000e-01    4.566e-05  
  7.2000e-01    4.691e-05  
  7.3000e-01    4.817e-05  
  7.4000e-01    4.942e-05  
  7.5000e-01    5.068e-05  
  7.6000e-01    5.194e-05  
  7.7000e-01    5.320e-05  
  7.8000e-01    5.445e-05  
  7.9000e-01    5.571e-05  
  8.0000e-01    5.696e-05  
  8.1000e-01    5.821e-05  
  8.2000e-01    5.946e-05  
  8.3000e-01    6.071e-05  
  8.4000e-01    6.195e-05  
  8.5000e-01    6.319e-05  
  8.6000e-01    6.442e-05  
  8.7000e-01    6.565e-05  
  8.8000e-01    6.688e-05  
  8.9000e-01    6.810e-05  
  9.0000e-01    6.932e-05  
  9.1000e-01    7.053e-05  
  9.2000e-01    7.173e-05  
  9.3000e-01    7.293e-05  
  9.4000e-01    7.413e-05  
  9.5000e-01    7.531e-05  
  9.6000e-01    7.648e-05  
  9.7000e-01    7.765e-05  
  9.8000e-01    7.882e-05  
  9.9000e-01    7.998e-05  
  1.0000e+00    8.114e-05  
y

a


      volt       i(r1)
 (a       )    -5.000e-05     0.000e+00     5.000e-05     1.000e-04    1.500e-04
                      +             +             +             +             + 
  0.000e+00  2.54e-63-+------+------a------+------+------+------+------+------+-
  1.000e-02  5.69e-09 +      +      a      +      +      +      +      +      + 
  2.000e-02  1.24e-08 +      +      a      +      +      +      +      +      + 
  3.000e-02  2.01e-08 +      +      a      +      +      +      +      +      + 
  4.000e-02  2.92e-08 +      +      a      +      +      +      +      +      + 
  5.000e-02  3.98e-08 +      +      a      +      +      +      +      +      + 
  6.000e-02  5.26e-08 +      +      a      +      +      +      +      +      + 
  7.000e-02  6.80e-08 +      +      a      +      +      +      +      +      + 
  8.000e-02  8.66e-08 +      +      a      +      +      +      +      +      + 
  9.000e-02  1.09e-07 +      +      a      +      +      +      +      +      + 
  1.000e-01  1.37e-07-+------+------a------+------+------+------+------+------+-
  1.100e-01  1.70e-07 +      +      a      +      +      +      +      +      + 
  1.200e-01  2.11e-07 +      +      a      +      +      +      +      +      + 
  1.300e-01  2.59e-07 +      +      a      +      +      +      +      +      + 
  1.400e-01  3.18e-07 +      +      a      +      +      +      +      +      + 
  1.500e-01  3.89e-07 +      +      a      +      +      +      +      +      + 
  1.600e-01  4.73e-07 +      +      a      +      +      +      +      +      + 
  1.700e-01  5.73e-07 +      +      a      +      +      +      +      +      + 
  1.800e-01  6.92e-07 +      +      a      +      +      +      +      +      + 
  1.900e-01  8.32e-07 +      +      a      +      +      +      +      +      + 
  2.000e-01  9.95e-07-+------+------a------+------+------+------+------+------+-
  2.100e-01  1.18e-06 +      +      a      +      +      +      +      +      + 
  2.200e-01  1.40e-06 +      +      a      +      +      +      +      +      + 
  2.300e-01  1.65e-06 +      +      a      +      +      +      +      +      + 
  2.400e-01  1.93e-06 +      +      +a     +      +      +      +      +      + 
  2.500e-01  2.25e-06 +      +      +a     +      +      +      +      +      + 
  2.600e-01  2.60e-06 +      +      +a     +      +      +      +      +      + 
  2.700e-01  2.99e-06 +      +      +a     +      +      +      +      +      + 
  2.800e-01  3.42e-06 +      +      +a     +      +      +      +      +      + 
  2.900e-01  3.88e-06 +      +      +a     +      +      +      +      +      + 
  3.000e-01  4.39e-06-+------+------+a-----+------+------+------+------+------+-
  3.100e-01  4.93e-06 +      +      +a     +      +      +      +      +      + 
  3.200e-01  5.51e-06 +      +      + a    +      +      +      +      +      + 
  3.300e-01  6.13e-06 +      +      + a    +      +      +      +      +      + 
  3.400e-01  6.78e-06 +      +      + a    +      +      +      +      +      + 
  3.500e-01  7.47e-06 +      +      + a    +      +      +      +      +      + 
  3.600e-01  8.19e-06 +      +      + a    +      +      +      +      +      + 
  3.700e-01  8.94e-06 +      +      +  a   +      +      +      +      +      + 
  3.800e-01  9.72e-06 +      +      +  a   +      +      +      +      +      + 
  3.900e-01  1.05e-05 +      +      +  a   +      +      +      +      +      + 
  4.000e-01  1.14e-05-+------+------+--a---+------+------+------+------+------+-
  4.100e-01  1.22e-05 +      +      +  a   +      +      +      +      +      + 
  4.200e-01  1.31e-05 +      +      +   a  +      +      +      +      +      + 
  4.300e-01  1.40e-05 +      +      +   a  +      +      +      +      +      + 
  4.400e-01  1.50e-05 +      +      +   a  +      +      +      +      +      + 
  4.500e-01  1.59e-05 +      +      +   a  +      +      +      +      +      + 
  4.600e-01  1.69e-05 +      +      +    a +      +      +      +      +      + 
  4.700e-01  1.79e-05 +      +      +    a +      +      +      +      +      + 
  4.800e-01  1.89e-05 +      +      +    a +      +      +      +      +      + 
  4.900e-01  1.99e-05 +      +      +     a+      +      +      +      +      + 
  5.000e-01  2.10e-05-+------+------+-----a+------+------+------+------+------+-
  5.100e-01  2.21e-05 +      +      +     a+      +      +      +      +      + 
  5.200e-01  2.31e-05 +      +      +     a+      +      +      +      +      + 
  5.300e-01  2.42e-05 +      +      +      a      +      +      +      +      + 
  5.400e-01  2.53e-05 +      +      +      a      +      +      +      +      + 
  5.500e-01  2.65e-05 +      +      +      a      +      +      +      +      + 
  5.600e-01  2.76e-05 +      +      +      +a     +      +      +      +      + 
  5.700e-01  2.87e-05 +      +      +      +a     +      +      +      +      + 
  5.800e-01  2.99e-05 +      +      +      +a     +      +      +      +      + 
  5.900e-01  3.10e-05 +      +      +      + a    +      +      +      +      + 
  6.000e-01  3.22e-05-+------+------+------+-a----+------+------+------+------+-
  6.100e-01  3.34e-05 +      +      +      + a    +      +      +      +      + 
  6.200e-01  3.46e-05 +      +      +      +  a   +      +      +      +      + 
  6.300e-01  3.58e-05 +      +      +      +  a   +      +      +      +      + 
  6.400e-01  3.70e-05 +      +      +      +  a   +      +      +      +      + 
  6.500e-01  3.82e-05 +      +      +      +   a  +      +      +      +      + 
  6.600e-01  3.95e-05 +      +      +      +   a  +      +      +      +      + 
  6.700e-01  4.07e-05 +      +      +      +   a  +      +      +      +      + 
  6.800e-01  4.19e-05 +      +      +      +    a +      +      +      +      + 
  6.900e-01  4.32e-05 +      +      +      +    a +      +      +      +      + 
  7.000e-01  4.44e-05-+------+------+------+----a-+------+------+------+------+-
  7.100e-01  4.57e-05 +      +      +      +     a+      +      +      +      + 
  7.200e-01  4.69e-05 +      +      +      +     a+      +      +      +      + 
  7.300e-01  4.82e-05 +      +      +      +     a+      +      +      +      + 
  7.400e-01  4.94e-05 +      +      +      +      a      +      +      +      + 
  7.500e-01  5.07e-05 +      +      +      +      a      +      +      +      + 
  7.600e-01  5.19e-05 +      +      +      +      +a     +      +      +      + 
  7.700e-01  5.32e-05 +      +      +      +      +a     +      +      +      + 
  7.800e-01  5.45e-05 +      +      +      +      +a     +      +      +      + 
  7.900e-01  5.57e-05 +      +      +      +      + a    +      +      +      + 
  8.000e-01  5.70e-05-+------+------+------+------+-a----+------+------+------+-
  8.100e-01  5.82e-05 +      +      +      +      + a    +      +      +      + 
  8.200e-01  5.95e-05 +      +      +      +      +  a   +      +      +      + 
  8.300e-01  6.07e-05 +      +      +      +      +  a   +      +      +      + 
  8.400e-01  6.19e-05 +      +      +      +      +  a   +      +      +      + 
  8.500e-01  6.32e-05 +      +      +      +      +   a  +      +      +      + 
  8.600e-01  6.44e-05 +      +      +      +      +   a  +      +      +      + 
  8.700e-01  6.57e-05 +      +      +      +      +   a  +      +      +      + 
  8.800e-01  6.69e-05 +      +      +      +      +    a +      +      +      + 
  8.900e-01  6.81e-05 +      +      +      +      +    a +      +      +      + 
  9.000e-01  6.93e-05-+------+------+------+------+----a-+------+------+------+-
  9.100e-01  7.05e-05 +      +      +      +      +     a+      +      +      + 
  9.200e-01  7.17e-05 +      +      +      +      +     a+      +      +      + 
  9.300e-01  7.29e-05 +      +      +      +      +     a+      +      +      + 
  9.400e-01  7.41e-05 +      +      +      +      +      a      +      +      + 
  9.500e-01  7.53e-05 +      +      +      +      +      a      +      +      + 
  9.600e-01  7.65e-05 +      +      +      +      +      a      +      +      + 
  9.700e-01  7.77e-05 +      +      +      +      +      +a     +      +      + 
  9.800e-01  7.88e-05 +      +      +      +      +      +a     +      +      + 
  9.900e-01  8.00e-05 +      +      +      +      +      +a     +      +      + 
  1.000e+00  8.11e-05-+------+------+------+------+------+-a----+------+------+-
                      +             +             +             +             + 

b


          ***** job concluded
1****** HSPICE -- E-2010.12-SP2 64-BIT (May 23 2011) linux ******               
 ******  
 ******* nmos in ibm 45nm soi for on-current measurement

  ******  job statistics summary tnom=  25.000 temp=  25.000 *****
  
  
 ******  Machine Information  ******
 CPU:
 model name	: Intel(R) Xeon(R) CPU           L5420  @ 2.50GHz
 cpu MHz	: 2493.750
  
 OS:
 Linux version 2.6.18-308.24.1.el5 (mockbuild@x86-022.build.eng.bos.redhat.com) 
 (gcc version 4.1.2 20080704 (Red Hat 4.1.2-52)) #1 SMP Wed Nov 21 11:42:14 EST 
 2012


  ******  HSPICE Threads Information  ******

  Command Line Threads Count :     1
  Available CPU Count        :     8
  Actual Threads Count       :     1


  ******  Circuit Statistics  ******
  # nodes       =       6 # elements   =       3
  # resistors   =       1 # capacitors =       0 # inductors   =       0
  # mutual_inds =       0 # vccs       =       0 # vcvs        =       0
  # cccs        =       0 # ccvs       =       0 # volt_srcs   =       1
  # curr_srcs   =       0 # diodes     =       0 # bjts        =       0
  # jfets       =       0 # mosfets    =       1 # U elements  =       0
  # T elements  =       0 # W elements =       0 # B elements  =       0
  # S elements  =       0 # P elements =       0 # va device   =       0
  # vector_srcs =       0


  ******  Runtime Statistics (seconds)  ******

  analysis           time    # points   tot. iter  conv.iter
  op point           0.00           1           0
  dc sweep           0.01         101         338
  readin             2.52
  errchk             0.13
  setup              0.00
  output             0.00


           peak memory used        213.20 megabytes
           total cpu time            2.66 seconds
           total elapsed time        7.29 seconds
           job started at     17:45:03 11/28/2013
           job ended   at     17:45:11 11/28/2013


 lic: Release hspice token(s) 
