 ****** HSPICE -- E-2010.12-SP2 64-BIT (May 23 2011) linux ******               
  Copyright (C) 2010 Synopsys, Inc. All Rights Reserved.                        
  Unpublished-rights reserved under US copyright laws.
  This program is protected by law and is subject to the
  terms and conditions of the license agreement from Synopsys.
  Use of this program is your acceptance to be bound by the
  license agreement. HSPICE is the trademark of Synopsys, Inc.
  Input File: hvtpfet_off.sp                                                    
  Command line options: hvtpfet_off.sp -o out/hvtpfet_off
 lic: No 'setenv LM_LICENSE_FILE' in current environment' 
 lic:  
 lic: FLEXlm: v10.8 
 lic: USER:   mgottscho            HOSTNAME: mfd.ee.ucla.edu 
 lic: HOSTID: 002219a484e9         PID:      20478 
 lic: Using FLEXlm license file: 
 lic: 1784@lmserv2.seas.ucla.edu 
 lic: Checkout 1 hspice 
 lic: License/Maintenance for hspice will expire on 25-jun-2014/2013.03 
 lic: 1(in_use)/50(total) FLOATING license(s) on SERVER lmserv2.seas.ucla.edu 
 lic:   
 Init: read install configuration file: /usr/apps/synopsys/HSPICE/vE-2010.12.SP2/hspice/meta.cfg
 **warning** *pvaW* Ignored the duplicated module 'diova' (/w/library/puneet/IBM/IBM_CMOS/12S0_45_nm_SOI_CMOS/IBM_PDK/soi12s0/V1.5.0.0IBM/HSPICE/models/./erie/diodeva.va:13)

 **info** *pvaI* Module (It2_monitor): 2 unexpanded port, 0 init, 4 behav, 1 contrib, 22/0 expr(s)

 **info** *pvaI*              0 afCount, 0 fixDIS

 **info** *pvaI* Module (It2_monitor): generated 1 flow node(s) during compilation.

 **info** *pvaI* Module (It2_monitor_scr): 2 unexpanded port, 0 init, 4 behav, 1 contrib, 22/0 expr(s)

 **info** *pvaI*              0 afCount, 0 fixDIS

 **info** *pvaI* Module (It2_monitor_scr): generated 1 flow node(s) during compilation.

 **info** *pvaI* Module (diova): 2 unexpanded port, 0 init, 31 behav, 2 contrib, 24/28 expr(s)

 **info** *pvaI*              0 afCount, 0 fixDIS

 **info** *pvaI* Module (diova): generated 0 flow node(s) during compilation.

 **info** *pvaI* Module (esdnsh_bc_base_va): 4 unexpanded port, 0 init, 99 behav, 7 contrib, 50/85 expr(s)

 **info** *pvaI*              0 afCount, 0 fixDIS

 **info** *pvaI* Module (esdnsh_bc_base_va): generated 1 flow node(s) during compilation.

 **info** *pvaI* Module (esdpsh_bc_base_va): 4 unexpanded port, 0 init, 59 behav, 7 contrib, 50/45 expr(s)

 **info** *pvaI*              0 afCount, 0 fixDIS

 **info** *pvaI* Module (esdpsh_bc_base_va): generated 1 flow node(s) during compilation.

 **info** *pvaI* Module (esdnsh_base_va): 3 unexpanded port, 0 init, 93 behav, 3 contrib, 34/84 expr(s)

 **info** *pvaI*              0 afCount, 0 fixDIS

 **info** *pvaI* Module (esdnsh_base_va): generated 1 flow node(s) during compilation.

 **info** *pvaI* Module (esdpsh_base_va): 3 unexpanded port, 0 init, 53 behav, 3 contrib, 40/44 expr(s)

 **info** *pvaI*              0 afCount, 0 fixDIS

 **info** *pvaI* Module (esdpsh_base_va): generated 1 flow node(s) during compilation.

 **info** *pvaI* Module (dgdcap): 3 unexpanded port, 0 init, 100 behav, 5 contrib, 53/91 expr(s)

 **info** *pvaI*              0 afCount, 0 fixDIS

 **info** *pvaI* Module (dgdcap): generated 3 flow node(s) during compilation.

 **info** *pvaI* Module (trenchcap): 2 unexpanded port, 0 init, 88 behav, 4 contrib, 53/108 expr(s)

 **info** *pvaI*              0 afCount, 0 fixDIS

 **info** *pvaI* Module (trenchcap): generated 3 flow node(s) during compilation.

 **info** *pvaI* Module (nbsxdio): 2 unexpanded port, 0 init, 30 behav, 2 contrib, 26/108 expr(s)

 **info** *pvaI*              0 afCount, 0 fixDIS

 **info** *pvaI* Module (nbsxdio): generated 0 flow node(s) during compilation.

 **info** *pvaI* Module (ig_elements_n): 3 unexpanded port, 0 init, 16 behav, 2 contrib, 69/14 expr(s)

 **info** *pvaI*              0 afCount, 0 fixDIS

 **info** *pvaI* Module (ig_elements_n): generated 0 flow node(s) during compilation.

 **info** *pvaI* Module (ig_elements_p): 3 unexpanded port, 0 init, 16 behav, 2 contrib, 74/14 expr(s)

 **info** *pvaI*              0 afCount, 0 fixDIS

 **info** *pvaI* Module (ig_elements_p): generated 0 flow node(s) during compilation.

 **info** *pvaI* Module (single_rcline): 3 unexpanded port, 0 init, 254 behav, 15 contrib, 47/239 expr(s)

 **info** *pvaI*              3 afCount, 0 fixDIS

 **info** *pvaI* Module (single_rcline): generated 2 flow node(s) during compilation.

 **info** *pvaI* Module (coupled_rcline): 5 unexpanded port, 0 init, 402 behav, 13 contrib, 65/389 expr(s)

 **info** *pvaI*        0ff DIS, 5 afCount

 **info** *pvaI* Module (coupled_rcline): generated 0 flow node(s) during compilation.

 **info** *pvaI* #### Total 4522 line-size(s), 629 expr(s), 67 contr(s), 0 init(s), 1249 behav(s), 41 port(s)

  **warning** (/w/library/puneet/IBM/IBM_CMOS/12S0_45_nm_SOI_CMOS/IBM_PDK/soi12s0/V1.5.0.0IBM/HSPICE/models/./process.lib:92) Parameter name is not defined in .param. Please enter parameter variable with their respective value/expression.
  **warning** (/w/library/puneet/IBM/IBM_CMOS/12S0_45_nm_SOI_CMOS/IBM_PDK/soi12s0/V1.5.0.0IBM/HSPICE/models/./symindp.inc:75) Global net name, "gnd", in subckt pin list. The pin will be connected to the local net. Recommend to not use global net names in subckt pin lists.
 Loading pVA library out/hvtpfet_off.pvadir/pvaRTL_linux.so...

 **warning**  runlvl smaller than 5, reset to 5  when accurate turned on
1****** HSPICE -- E-2010.12-SP2 64-BIT (May 23 2011) linux ******               
 ******  
 ******* nmos in ibm 45nm soi for on-current measurement

  ******  circuit name directory
 circuit number to circuit name directory
   number circuitname                     definition         multiplier
        0 main circuit
        1 x_p1.                           d_hvtpfet          1.00 
1****** HSPICE -- E-2010.12-SP2 64-BIT (May 23 2011) linux ******               
 ******  
 ******* nmos in ibm 45nm soi for on-current measurement

  ******  mos   model parameters tnom=  25.000 temp=  25.000 *****
 
Model Name: hvtpch  

 BSIMSOI4 PD (Level 70)

    wmax =      1 m
    wmin =      0 m
    lmax =      1 m
    lmin =      0 m
    xw =      0 m
    xwref =      0 m
    xl =      0 m
    xlref =      0 m
    capmod = 3
    mobmod = 1
    paramchk = 0
    binunit = 1
    version =      4 
    tox = 1.99e-09 m
    toxm = 1.99e-09 m
    dtoxcv = 3.15e-10 m
    cdsc = 0.06984 F/M^2
    cdscb = 0.04249 F/M^2
    cdscd = 0.1006 F/M^2
    cit =      0 F/M^2
    nfactor =  2.071 
    vsat = 1.737e+05 m/sec
    at =  3e+04 m/sec
    a0 =  3.438 
    ags =  5.647 1/V
    a1 =  -0.01 1/V
    a2 = 0.9501 
    keta = -0.04436 1/V
    nsub =  6e+16 1/cm3
    nch =  8e+17 1/cm3
    ngate =      0 1/cm3
    gamma1 =      0 V^1/2
    gamma2 =      0 V^1/2
    vbx =      0 V
    vbm =     -3 V
    xt = 1.55e-07 m
    k1 = 0.08384 V^1/2
    kt1 = -0.079 V
    kt1l =      0 V*m
    kt2 = -0.1536 
    k2 = -0.09207 
    k3 = -11.82 
    k3b =      0 1/V
    w0 = 2.674e-07 m
    lpe0 = 7.5e-08 m
    lpeb =      0 m
    dvt0 =  22.78 
    dvt1 =  2.833 
    dvt2 = -0.1955 1/V
    dvt0w =      0 
    dvt1w =      0 
    dvt2w =      0 1/V
    drout = 0.08317 
    dsub =  1.744 
    vth0 = -0.4013 V
    ua = 3.736e-11 m/V
    ua1 = 2.191e-09 m/V
    ub = 4.893e-19 (m/V)^2
    ub1 = -2.149e-18 (m/V)^2
    uc = -5.606e-12 1/V
    uc1 = 6.691e-12 1/V
    u0 = 0.0546 m^2/(V-sec)
    ute =   -1.2 
    voff = -0.1384 V
    tnom =  298.1 K
    cgso = 2.006e-10 F/m
    cgdo = 2.006e-10 F/m
    xpart =      0 
    delta = 0.03481 
    rsh =     25 ohm/square
    rdsw =  228.1 ohm-um^WR
    rsw =     50 ohm-um^WR
    rdw =     50 ohm-um^WR
    rswmin =      0 ohm-um^WR
    rdwmin =      0 ohm-um^WR
    prwg = 0.04616 1/V^1/2
    prwb =    0.1 1/V
    prt =      0 ohm-um
    eta0 = 0.4653 
    etab = -0.1678 1/V
    pclm =  1.002 
    pdiblc1 = 0.04004 
    pdiblc2 = 0.003489 
    pdiblcb = -1.125 
    pvag =  2.518 
    shmod = 1
    tbox = 3.9e-07 m
    tsi = 7.8e-08 m
    xj = 3.5e-08 m
    rth0 =  0.104 m*C/W
    cth0 = 2.86e-05 W*sec/(m*C)
    egidl =      0 V
    agidl =      0 1/ohm
    bgidl = 2.3e+09 V/m
    cgidl =  1e-09 V^3
    ndiode =    1.1 
    ndioded =    1.1 
    xbjt =   1.02 
    xdif =    1.1 
    xrec =  0.752 
    xtun =  6.873 
    xdifd =    1.1 
    xrecd =  0.752 
    xtund =  6.873 
    pbswg =    7.8 V
    pbswgd =    7.8 V
    mjswg =      8 V
    mjswgd =      8 V
    cjswg = 2.616e-10 F/m^2
    cjswgd = 2.616e-10 F/m^2
    lint =  5e-10 m
    ll =  5e-10 m^LLN
    llc =      0 m^LLN
    lln =      0 
    lw =      0 m^LWN
    lwc =      0 m^LWN
    lwn =      1 
    lwl =      0 m^(LWN+LLN)
    lwlc =      0 m^(LWN+LLN)
    wr =      1 
    wint = 2.5e-09 m
    dwg = 1.103e-08 m/V
    dwb =      0 m/V^1/2
    wl =      0 m^WLN
    wlc =      0 m^WLN
    wln =      1 
    ww =      0 m^WWN
    wwc =      0 m^WWN
    wwn =      1 
    wwl =      0 m^(WWN+WLN)
    wwlc =      0 m^(WWN+WLN)
    b0 =      0 m
    b1 =      0 m
    cgsl = 3.5e-11 F/m
    cgdl = 3.5e-11 F/m
    ckappa =  0.005 F/m
    cf =      0 F/m
    clc =      0 m
    cle =      1 
    dwc = -2.25e-08 m
    dlc = 8.46e-09 m
    alpha0 = 1.345e-12 m/V
    noia = 6.188e+40 
    noib = 1.5e+25 
    noic = 8.75e+09 
    fnoimod = 0
    tnoimod = 0
    tnoia =      0 
    tnoib =      0 
    rnoia =      0 
    rnoib =      0 
    ntnoi =      1 
    saref =  1e-06 m
    sbref =  1e-06 m
    wlod =      0 m
    ku0 =      0 m
    kvsat =      0 m
    kvth0 =      0 Vm
    tku0 =      0 
    llodku0 =      0 
    wlodku0 =      0 
    llodvth =      0 
    wlodvth =      0 
    stk2 =      0 m
    lodk2 =      1 
    steta0 =      0 m
    lodeta0 =      1 
    gbmin =  1e-12 mho
    rbdb =     50 ohm
    rbsb =     50 ohm
    bf =      2 
    w0flk =  0.001 
    frbody =      1 
    dvtp0 =      0 m
    dvtp1 =  6.779 1/V
    minv = -0.06624 
    pdits = 0.3414 1/V
    pditsl =     10 m
    pditsd = -0.8924 1/V
    fprout =      0 (V/m)^0.5
    em =      0 
    ef =      1 
    af =      2 
    kf = 7.5e-27 
    noif =  0.005 
    k1w1 =      0 m
    k1w2 =      0 m
    ketas =   0.55 V
    dwbc =      0 m
    beta0 = 0.01687 1/V
    beta1 = 0.0006661 
    beta2 = 0.04273 V
    vdsatii0 = 0.4549 V
    tii =   -0.7 
    lii =      0 
    sii0 =  5.439 1/V
    sii1 =     20 1/V
    sii2 =      0 
    siid = 0.05563 1/V
    fbjtii =      0 
    esatii =  1e+06 V/m
    ntun =    4.5 
    ntund =    4.5 
    nrecf0 =    1.8 
    nrecf0d =    1.8 
    nrecr0 =      4 
    nrecr0d =      4 
    isbjt = 3.076e-06 A/m^2
    idbjt = 3.076e-06 A/m^2
    isdif = 7.69e-06 A/m^2
    iddif = 7.69e-06 A/m^2
    isrec =   0.01 A/m^2
    idrec =   0.01 A/m^2
    istun = 0.0025 A/m^2
    idtun = 0.0025 A/m^2
    ln = 5.6e-08 m
    vrec0 =    0.6 V
    vrec0d =    0.6 V
    vtun0 =     23 V
    vtun0d =     23 V
    nbjt =    0.9 
    lbjt0 = 1.804e-06 m
    ldif0 =   0.02 
    vabjt =  11.15 V
    aely = 9.574e+09 V/m
    ahli =      0 
    ahlid =      0 
    rbody = 1.25e+04 ohm/m^2
    rbsh =      0 ohm/m^2
    cgeo =      0 F/m
    tt =  4e-10 second
    ndif =     -1 
    vsdfb =      0 V
    vsdth =      0 V
    csdmin =      0 V
    asd =    0.3 
    csdesw = 1.563e-10 F/m
    ntrecf =      1 
    ntrecr =   -0.7 
    dlcb = -1.3e-08 m
    fbody =      1 
    tcjswg = 0.0012 1/K
    tcjswgd = 0.0012 1/K
    tpbswg = 0.0005 V/K
    tpbswgd = 0.0005 V/K
    acde =      1 m/V
    moin =     15 V^1/2
    noff =      1 
    delvt = -0.0617 V
    kb1 =      1 
    dlbg =      0 m
    igbmod = 1
    igcmod = 1
    toxqm = 1.16e-09 m
    wth0 = 4.32e-08 m
    rhalo = 1.212e+12 ohm/m
    ntox =      2 
    toxref = 1.16e-09 m
    ebg =    0.9 V
    vevb = 0.09913 
    alphagb1 =   0.64 1/V
    betagb1 =   0.19 1/V^2
    vgb1 =    468 V
    vecb = 0.1408 
    alphagb2 =   0.82 1/V
    betagb2 = 0.1227 1/V^2
    vgb2 =  8.574 V
    voxh =    1.5 
    deltavox =  0.002 
    aigc = 0.01181 
    bigc = 0.001637 
    cigc = -0.02177 
    aigsd = 0.008188 
    bigsd = 0.0004618 
    cigsd = -0.03331 
    nigc = 0.3089 
    pigcd =      1 
    poxedge =      1 
    dlcig = 1.168e-10 m
    soimod = 0
    vbs0pd =      0 V
    vbs0fd =      0 V
    vbsa =      0 V
    nofffd =      1 
    vofffd =      0 V
    k1b =      1 
    k2b =      0 
    dk2b =      0 
    dvbd0 =      0 
    dvbd1 =      0 
    moinfd =   1000 
    rgatemod = 1
    xrcrg1 =      0 
    xrcrg2 =      0 
    rshg =     11 ohm/square
    ngcon =      1 
    xgw =      0 m
    xgl =  1e-09 m
    rbodymod = 0
    rdsmod = 0
    bsoiupdate = 0
 

  
      
 *****************************************************************
 ******  option summary
 ******
 runlvl  = 5         bypass  = 2         
 ******  
 ******* nmos in ibm 45nm soi for on-current measurement

  ******  dc transfer curves tnom=  25.000 temp=  25.000 *****
x

        volt    current    
                    r1     
  0.0000e+00    8.122e-64  
  1.0000e-02    4.498e-12  
  2.0000e-02    8.356e-12  
  3.0000e-02    1.168e-11  
  4.0000e-02    1.457e-11  
  5.0000e-02    1.714e-11  
  6.0000e-02    1.946e-11  
  7.0000e-02    2.161e-11  
  8.0000e-02    2.364e-11  
  9.0000e-02    2.558e-11  
  1.0000e-01    2.748e-11  
  1.1000e-01    2.935e-11  
  1.2000e-01    3.121e-11  
  1.3000e-01    3.309e-11  
  1.4000e-01    3.498e-11  
  1.5000e-01    3.691e-11  
  1.6000e-01    3.887e-11  
  1.7000e-01    4.088e-11  
  1.8000e-01    4.294e-11  
  1.9000e-01    4.505e-11  
  2.0000e-01    4.723e-11  
  2.1000e-01    4.946e-11  
  2.2000e-01    5.177e-11  
  2.3000e-01    5.415e-11  
  2.4000e-01    5.660e-11  
  2.5000e-01    5.912e-11  
  2.6000e-01    6.173e-11  
  2.7000e-01    6.442e-11  
  2.8000e-01    6.720e-11  
  2.9000e-01    7.006e-11  
  3.0000e-01    7.302e-11  
  3.1000e-01    7.607e-11  
  3.2000e-01    7.922e-11  
  3.3000e-01    8.247e-11  
  3.4000e-01    8.583e-11  
  3.5000e-01    8.929e-11  
  3.6000e-01    9.285e-11  
  3.7000e-01    9.653e-11  
  3.8000e-01    1.003e-10  
  3.9000e-01    1.042e-10  
  4.0000e-01    1.083e-10  
  4.1000e-01    1.124e-10  
  4.2000e-01    1.167e-10  
  4.3000e-01    1.212e-10  
  4.4000e-01    1.257e-10  
  4.5000e-01    1.304e-10  
  4.6000e-01    1.353e-10  
  4.7000e-01    1.402e-10  
  4.8000e-01    1.454e-10  
  4.9000e-01    1.507e-10  
  5.0000e-01    1.561e-10  
  5.1000e-01    1.618e-10  
  5.2000e-01    1.675e-10  
  5.3000e-01    1.735e-10  
  5.4000e-01    1.797e-10  
  5.5000e-01    1.860e-10  
  5.6000e-01    1.925e-10  
  5.7000e-01    1.992e-10  
  5.8000e-01    2.061e-10  
  5.9000e-01    2.132e-10  
  6.0000e-01    2.205e-10  
  6.1000e-01    2.281e-10  
  6.2000e-01    2.358e-10  
  6.3000e-01    2.438e-10  
  6.4000e-01    2.521e-10  
  6.5000e-01    2.605e-10  
  6.6000e-01    2.692e-10  
  6.7000e-01    2.782e-10  
  6.8000e-01    2.874e-10  
  6.9000e-01    2.969e-10  
  7.0000e-01    3.067e-10  
  7.1000e-01    3.168e-10  
  7.2000e-01    3.271e-10  
  7.3000e-01    3.377e-10  
  7.4000e-01    3.487e-10  
  7.5000e-01    3.600e-10  
  7.6000e-01    3.716e-10  
  7.7000e-01    3.835e-10  
  7.8000e-01    3.957e-10  
  7.9000e-01    4.084e-10  
  8.0000e-01    4.213e-10  
  8.1000e-01    4.347e-10  
  8.2000e-01    4.484e-10  
  8.3000e-01    4.625e-10  
  8.4000e-01    4.771e-10  
  8.5000e-01    4.920e-10  
  8.6000e-01    5.074e-10  
  8.7000e-01    5.231e-10  
  8.8000e-01    5.394e-10  
  8.9000e-01    5.561e-10  
  9.0000e-01    5.733e-10  
  9.1000e-01    5.909e-10  
  9.2000e-01    6.091e-10  
  9.3000e-01    6.277e-10  
  9.4000e-01    6.469e-10  
  9.5000e-01    6.667e-10  
  9.6000e-01    6.870e-10  
  9.7000e-01    7.078e-10  
  9.8000e-01    7.293e-10  
  9.9000e-01    7.514e-10  
  1.0000e+00    7.741e-10  
y

a


      volt       i(r1)
 (a       )     0.000e+00     2.000e-10     4.000e-10     6.000e-10    8.000e-10
                      +             +             +             +             + 
  0.000e+00  8.12e-64-a------+------+------+------+------+------+------+------+-
  1.000e-02  4.50e-12 a      +      +      +      +      +      +      +      + 
  2.000e-02  8.36e-12 +a     +      +      +      +      +      +      +      + 
  3.000e-02  1.17e-11 +a     +      +      +      +      +      +      +      + 
  4.000e-02  1.46e-11 +a     +      +      +      +      +      +      +      + 
  5.000e-02  1.71e-11 +a     +      +      +      +      +      +      +      + 
  6.000e-02  1.95e-11 +a     +      +      +      +      +      +      +      + 
  7.000e-02  2.16e-11 + a    +      +      +      +      +      +      +      + 
  8.000e-02  2.36e-11 + a    +      +      +      +      +      +      +      + 
  9.000e-02  2.56e-11 + a    +      +      +      +      +      +      +      + 
  1.000e-01  2.75e-11-+-a----+------+------+------+------+------+------+------+-
  1.100e-01  2.93e-11 + a    +      +      +      +      +      +      +      + 
  1.200e-01  3.12e-11 + a    +      +      +      +      +      +      +      + 
  1.300e-01  3.31e-11 + a    +      +      +      +      +      +      +      + 
  1.400e-01  3.50e-11 + a    +      +      +      +      +      +      +      + 
  1.500e-01  3.69e-11 +  a   +      +      +      +      +      +      +      + 
  1.600e-01  3.89e-11 +  a   +      +      +      +      +      +      +      + 
  1.700e-01  4.09e-11 +  a   +      +      +      +      +      +      +      + 
  1.800e-01  4.29e-11 +  a   +      +      +      +      +      +      +      + 
  1.900e-01  4.51e-11 +  a   +      +      +      +      +      +      +      + 
  2.000e-01  4.72e-11-+--a---+------+------+------+------+------+------+------+-
  2.100e-01  4.95e-11 +  a   +      +      +      +      +      +      +      + 
  2.200e-01  5.18e-11 +   a  +      +      +      +      +      +      +      + 
  2.300e-01  5.41e-11 +   a  +      +      +      +      +      +      +      + 
  2.400e-01  5.66e-11 +   a  +      +      +      +      +      +      +      + 
  2.500e-01  5.91e-11 +   a  +      +      +      +      +      +      +      + 
  2.600e-01  6.17e-11 +   a  +      +      +      +      +      +      +      + 
  2.700e-01  6.44e-11 +    a +      +      +      +      +      +      +      + 
  2.800e-01  6.72e-11 +    a +      +      +      +      +      +      +      + 
  2.900e-01  7.01e-11 +    a +      +      +      +      +      +      +      + 
  3.000e-01  7.30e-11-+----a-+------+------+------+------+------+------+------+-
  3.100e-01  7.61e-11 +    a +      +      +      +      +      +      +      + 
  3.200e-01  7.92e-11 +     a+      +      +      +      +      +      +      + 
  3.300e-01  8.25e-11 +     a+      +      +      +      +      +      +      + 
  3.400e-01  8.58e-11 +     a+      +      +      +      +      +      +      + 
  3.500e-01  8.93e-11 +     a+      +      +      +      +      +      +      + 
  3.600e-01  9.29e-11 +     a+      +      +      +      +      +      +      + 
  3.700e-01  9.65e-11 +      a      +      +      +      +      +      +      + 
  3.800e-01  1.00e-10 +      a      +      +      +      +      +      +      + 
  3.900e-01  1.04e-10 +      a      +      +      +      +      +      +      + 
  4.000e-01  1.08e-10-+------+a-----+------+------+------+------+------+------+-
  4.100e-01  1.12e-10 +      +a     +      +      +      +      +      +      + 
  4.200e-01  1.17e-10 +      +a     +      +      +      +      +      +      + 
  4.300e-01  1.21e-10 +      +a     +      +      +      +      +      +      + 
  4.400e-01  1.26e-10 +      + a    +      +      +      +      +      +      + 
  4.500e-01  1.30e-10 +      + a    +      +      +      +      +      +      + 
  4.600e-01  1.35e-10 +      + a    +      +      +      +      +      +      + 
  4.700e-01  1.40e-10 +      +  a   +      +      +      +      +      +      + 
  4.800e-01  1.45e-10 +      +  a   +      +      +      +      +      +      + 
  4.900e-01  1.51e-10 +      +   a  +      +      +      +      +      +      + 
  5.000e-01  1.56e-10-+------+---a--+------+------+------+------+------+------+-
  5.100e-01  1.62e-10 +      +   a  +      +      +      +      +      +      + 
  5.200e-01  1.68e-10 +      +    a +      +      +      +      +      +      + 
  5.300e-01  1.74e-10 +      +    a +      +      +      +      +      +      + 
  5.400e-01  1.80e-10 +      +     a+      +      +      +      +      +      + 
  5.500e-01  1.86e-10 +      +     a+      +      +      +      +      +      + 
  5.600e-01  1.92e-10 +      +     a+      +      +      +      +      +      + 
  5.700e-01  1.99e-10 +      +      a      +      +      +      +      +      + 
  5.800e-01  2.06e-10 +      +      a      +      +      +      +      +      + 
  5.900e-01  2.13e-10 +      +      +a     +      +      +      +      +      + 
  6.000e-01  2.21e-10-+------+------+a-----+------+------+------+------+------+-
  6.100e-01  2.28e-10 +      +      + a    +      +      +      +      +      + 
  6.200e-01  2.36e-10 +      +      +  a   +      +      +      +      +      + 
  6.300e-01  2.44e-10 +      +      +  a   +      +      +      +      +      + 
  6.400e-01  2.52e-10 +      +      +   a  +      +      +      +      +      + 
  6.500e-01  2.61e-10 +      +      +   a  +      +      +      +      +      + 
  6.600e-01  2.69e-10 +      +      +    a +      +      +      +      +      + 
  6.700e-01  2.78e-10 +      +      +    a +      +      +      +      +      + 
  6.800e-01  2.87e-10 +      +      +     a+      +      +      +      +      + 
  6.900e-01  2.97e-10 +      +      +      a      +      +      +      +      + 
  7.000e-01  3.07e-10-+------+------+------a------+------+------+------+------+-
  7.100e-01  3.17e-10 +      +      +      +a     +      +      +      +      + 
  7.200e-01  3.27e-10 +      +      +      + a    +      +      +      +      + 
  7.300e-01  3.38e-10 +      +      +      +  a   +      +      +      +      + 
  7.400e-01  3.49e-10 +      +      +      +  a   +      +      +      +      + 
  7.500e-01  3.60e-10 +      +      +      +   a  +      +      +      +      + 
  7.600e-01  3.72e-10 +      +      +      +    a +      +      +      +      + 
  7.700e-01  3.83e-10 +      +      +      +     a+      +      +      +      + 
  7.800e-01  3.96e-10 +      +      +      +      a      +      +      +      + 
  7.900e-01  4.08e-10 +      +      +      +      +a     +      +      +      + 
  8.000e-01  4.21e-10-+------+------+------+------+a-----+------+------+------+-
  8.100e-01  4.35e-10 +      +      +      +      + a    +      +      +      + 
  8.200e-01  4.48e-10 +      +      +      +      +  a   +      +      +      + 
  8.300e-01  4.63e-10 +      +      +      +      +   a  +      +      +      + 
  8.400e-01  4.77e-10 +      +      +      +      +    a +      +      +      + 
  8.500e-01  4.92e-10 +      +      +      +      +     a+      +      +      + 
  8.600e-01  5.07e-10 +      +      +      +      +      +a     +      +      + 
  8.700e-01  5.23e-10 +      +      +      +      +      + a    +      +      + 
  8.800e-01  5.39e-10 +      +      +      +      +      +  a   +      +      + 
  8.900e-01  5.56e-10 +      +      +      +      +      +   a  +      +      + 
  9.000e-01  5.73e-10-+------+------+------+------+------+----a-+------+------+-
  9.100e-01  5.91e-10 +      +      +      +      +      +     a+      +      + 
  9.200e-01  6.09e-10 +      +      +      +      +      +      +a     +      + 
  9.300e-01  6.28e-10 +      +      +      +      +      +      + a    +      + 
  9.400e-01  6.47e-10 +      +      +      +      +      +      +  a   +      + 
  9.500e-01  6.67e-10 +      +      +      +      +      +      +    a +      + 
  9.600e-01  6.87e-10 +      +      +      +      +      +      +     a+      + 
  9.700e-01  7.08e-10 +      +      +      +      +      +      +      +a     + 
  9.800e-01  7.29e-10 +      +      +      +      +      +      +      + a    + 
  9.900e-01  7.51e-10 +      +      +      +      +      +      +      +   a  + 
  1.000e+00  7.74e-10-+------+------+------+------+------+------+------+----a-+-
                      +             +             +             +             + 

b


          ***** job concluded
1****** HSPICE -- E-2010.12-SP2 64-BIT (May 23 2011) linux ******               
 ******  
 ******* nmos in ibm 45nm soi for on-current measurement

  ******  job statistics summary tnom=  25.000 temp=  25.000 *****
  
  
 ******  Machine Information  ******
 CPU:
 model name	: Intel(R) Xeon(R) CPU           L5420  @ 2.50GHz
 cpu MHz	: 2493.750
  
 OS:
 Linux version 2.6.18-308.24.1.el5 (mockbuild@x86-022.build.eng.bos.redhat.com) 
 (gcc version 4.1.2 20080704 (Red Hat 4.1.2-52)) #1 SMP Wed Nov 21 11:42:14 EST 
 2012


  ******  HSPICE Threads Information  ******

  Command Line Threads Count :     1
  Available CPU Count        :     8
  Actual Threads Count       :     1


  ******  Circuit Statistics  ******
  # nodes       =       6 # elements   =       3
  # resistors   =       1 # capacitors =       0 # inductors   =       0
  # mutual_inds =       0 # vccs       =       0 # vcvs        =       0
  # cccs        =       0 # ccvs       =       0 # volt_srcs   =       1
  # curr_srcs   =       0 # diodes     =       0 # bjts        =       0
  # jfets       =       0 # mosfets    =       1 # U elements  =       0
  # T elements  =       0 # W elements =       0 # B elements  =       0
  # S elements  =       0 # P elements =       0 # va device   =       0
  # vector_srcs =       0


  ******  Runtime Statistics (seconds)  ******

  analysis           time    # points   tot. iter  conv.iter
  op point           0.00           1           0
  dc sweep           0.01         101         209
  readin             2.44
  errchk             0.13
  setup              0.00
  output             0.00


           peak memory used        213.20 megabytes
           total cpu time            2.58 seconds
           total elapsed time        7.17 seconds
           job started at     17:45:54 11/28/2013
           job ended   at     17:46:02 11/28/2013


 lic: Release hspice token(s) 
